<?xml version="1.0" encoding="UTF-8"?>
<testsuite xmlns:xsi="http://www.w3.org/2001/XMLSchema-instance" xsi:noNamespaceSchemaLocation="https://maven.apache.org/surefire/maven-surefire-plugin/xsd/surefire-test-report-3.0.xsd" version="3.0" name="com.quiz.quizsystem.QuizsystemApplicationTests" time="13.073" tests="1" errors="0" skipped="0" failures="0">
  <properties>
[...]
</properties>
  <testcase name="testDbConnection" classname="com.quiz.quizsystem.QuizsystemApplicationTests" time="0.908">
    <system-out><![CDATA[17:40:32.996 [main] INFO org.springframework.test.context.support.AnnotationConfigContextLoaderUtils -- Could not detect default configuration classes for test class [com.quiz.quizsystem.QuizsystemApplicationTests]: QuizsystemApplicationTests does not declare any static, non-private, non-final, nested classes annotated with @Configuration.
17:40:33.175 [main] INFO org.springframework.boot.test.context.SpringBootTestContextBootstrapper -- Found @SpringBootConfiguration com.quiz.quizsystem.QuizSystemApplication for test class com.quiz.quizsystem.QuizsystemApplicationTests
17:40:33.504 [main] INFO org.springframework.boot.devtools.restart.RestartApplicationListener -- Restart disabled due to context in which it is running

  .   ____          _            __ _ _
 /\\ / ___'_ __ _ _(_)_ __  __ _ \ \ \ \
( ( )\___ | '_ | '_| | '_ \/ _` | \ \ \ \
 \\/  ___)| |_)| | | | | || (_| |  ) ) ) )
  '  |____| .__|_| |_|_| |_\__, | / / / /
 =========|_|==============|___/=/_/_/_/
 :: Spring Boot ::                (v3.2.0)

2025-10-26T17:40:33.930+05:30  INFO 21800 --- [           main] c.q.q.QuizsystemApplicationTests         : Starting QuizsystemApplicationTests using Java 17.0.16 with PID 21800 (started by ashwa in C:\Users\ashwa\Documents\quizsystem\backend)
2025-10-26T17:40:33.933+05:30  INFO 21800 --- [           main] c.q.q.QuizsystemApplicationTests         : No active profile set, falling back to 1 default profile: "default"
2025-10-26T17:40:35.172+05:30  INFO 21800 --- [           main] .s.d.r.c.RepositoryConfigurationDelegate : Bootstrapping Spring Data JPA repositories in DEFAULT mode.
2025-10-26T17:40:35.296+05:30  INFO 21800 --- [           main] .s.d.r.c.RepositoryConfigurationDelegate : Finished Spring Data repository scanning in 108 ms. Found 5 JPA repository interfaces.
2025-10-26T17:40:36.195+05:30  INFO 21800 --- [           main] o.hibernate.jpa.internal.util.LogHelper  : HHH000204: Processing PersistenceUnitInfo [name: default]
2025-10-26T17:40:36.395+05:30  INFO 21800 --- [           main] org.hibernate.Version                    : HHH000412: Hibernate ORM core version 6.3.1.Final
2025-10-26T17:40:36.468+05:30  INFO 21800 --- [           main] o.h.c.internal.RegionFactoryInitiator    : HHH000026: Second-level cache disabled
2025-10-26T17:40:36.988+05:30  INFO 21800 --- [           main] o.s.o.j.p.SpringPersistenceUnitInfo      : No LoadTimeWeaver setup: ignoring JPA class transformer
2025-10-26T17:40:37.036+05:30  INFO 21800 --- [           main] com.zaxxer.hikari.HikariDataSource       : HikariPool-1 - Starting...
2025-10-26T17:40:38.328+05:30  INFO 21800 --- [           main] com.zaxxer.hikari.pool.HikariPool        : HikariPool-1 - Added connection org.postgresql.jdbc.PgConnection@72324965
2025-10-26T17:40:38.328+05:30  INFO 21800 --- [           main] com.zaxxer.hikari.HikariDataSource       : HikariPool-1 - Start completed.
2025-10-26T17:40:38.478+05:30  WARN 21800 --- [           main] org.hibernate.orm.deprecation            : HHH90000025: PostgreSQLDialect does not need to be specified explicitly using 'hibernate.dialect' (remove the property setting and it will be selected by default)
2025-10-26T17:40:40.312+05:30  INFO 21800 --- [           main] o.h.e.t.j.p.i.JtaPlatformInitiator       : HHH000489: No JTA platform available (set 'hibernate.transaction.jta.platform' to enable JTA platform integration)
2025-10-26T17:40:42.043+05:30  INFO 21800 --- [           main] j.LocalContainerEntityManagerFactoryBean : Initialized JPA EntityManagerFactory for persistence unit 'default'
2025-10-26T17:40:42.837+05:30  INFO 21800 --- [           main] o.s.d.j.r.query.QueryEnhancerFactory     : Hibernate is in classpath; If applicable, HQL parser will be used.
2025-10-26T17:40:43.710+05:30  WARN 21800 --- [           main] JpaBaseConfiguration$JpaWebConfiguration : spring.jpa.open-in-view is enabled by default. Therefore, database queries may be performed during view rendering. Explicitly configure spring.jpa.open-in-view to disable this warning
2025-10-26T17:40:44.313+05:30  INFO 21800 --- [           main] o.s.s.web.DefaultSecurityFilterChain     : Will secure any request with [org.springframework.security.web.session.DisableEncodeUrlFilter@6c8b6782, org.springframework.security.web.context.request.async.WebAsyncManagerIntegrationFilter@4ceac22d, org.springframework.security.web.context.SecurityContextHolderFilter@7abeaed0, org.springframework.security.web.header.HeaderWriterFilter@3bd552f7, org.springframework.web.filter.CorsFilter@598f065f, org.springframework.security.web.authentication.logout.LogoutFilter@78395e28, com.quiz.quizsystem.security.JwtAuthenticationFilter@21f48f6c, org.springframework.security.web.savedrequest.RequestCacheAwareFilter@2ddb260e, org.springframework.security.web.servletapi.SecurityContextHolderAwareRequestFilter@482040a, org.springframework.security.web.authentication.AnonymousAuthenticationFilter@16745ba7, org.springframework.security.web.session.SessionManagementFilter@616b2b2, org.springframework.security.web.access.ExceptionTranslationFilter@347074a9, org.springframework.security.web.access.intercept.AuthorizationFilter@5acf51d7]
2025-10-26T17:40:44.810+05:30  INFO 21800 --- [           main] c.q.q.QuizsystemApplicationTests         : Started QuizsystemApplicationTests in 11.332 seconds (process running for 13.117)
✅ Connected to DB: jdbc:postgresql://db.gureupmmycycqiirfmel.supabase.co:5432/postgres
]]></system-out>
  </testcase>
</testsuite>